0 verbose cli /usr/local/nvm/versions/node/v20.18.0/bin/node /usr/local/nvm/versions/node/v20.18.0/lib/node_modules/npm/bin/npm-cli.js
1 info using npm@10.9.0
2 info using node@v20.18.0
3 silly config load:file:/usr/local/nvm/versions/node/v20.18.0/lib/node_modules/npm/npmrc
4 silly config load:file:/home/itsupport/.npmrc
5 silly config load:file:/usr/local/nvm/versions/node/v20.18.0/etc/npmrc
6 verbose title npm exec yo code --no-insight --extensionName vm-maintenance-tool --extensionDescription VS Code extension to run VM maintenance tasks --extensionDisplayName vm-maintenance-tool --extensionType=typescript --publisher=Ally Elvis Nzeyimana
7 verbose argv "exec" "--" "yo" "code" "--no-insight" "--extensionName" "vm-maintenance-tool" "--extensionDescription" "VS Code extension to run VM maintenance tasks" "--extensionDisplayName" "vm-maintenance-tool" "--extensionType=typescript" "--publisher=Ally Elvis Nzeyimana"
8 verbose logfile logs-max:10 dir:/home/itsupport/.npm/_logs/2024-11-02T20_36_56_576Z-
9 verbose logfile /home/itsupport/.npm/_logs/2024-11-02T20_36_56_576Z-debug-0.log
10 silly logfile done cleaning log files
11 silly packumentCache heap:2197815296 maxSize:549453824 maxEntrySize:274726912
12 http fetch GET 200 https://registry.npmjs.org/yo 610ms (cache revalidated)
13 silly packumentCache heap:2197815296 maxSize:549453824 maxEntrySize:274726912
14 silly packumentCache heap:2197815296 maxSize:549453824 maxEntrySize:274726912
15 verbose cwd /home/itsupport
16 verbose os Linux 6.1.112+
17 verbose node v20.18.0
18 verbose npm  v10.9.0
19 verbose exit 1
20 verbose code 1
